[debug] [2022-07-16T17:47:11.762Z] ----------------------------------------------------------------------
[debug] [2022-07-16T17:47:11.763Z] Command:       /Users/amitinbar/.nvm/versions/node/v17.9.1/bin/node /usr/local/bin/firebase emulators:start --import=./firebase-emulators-data --export-on-exit=./firebase-emulators-data/
[debug] [2022-07-16T17:47:11.764Z] CLI Version:   10.0.1
[debug] [2022-07-16T17:47:11.764Z] Platform:      darwin
[debug] [2022-07-16T17:47:11.764Z] Node Version:  v17.9.1
[debug] [2022-07-16T17:47:11.765Z] Time:          Sat Jul 16 2022 20:47:11 GMT+0300 (Israel Daylight Time)
[debug] [2022-07-16T17:47:11.765Z] ----------------------------------------------------------------------
[debug] 
[debug] [2022-07-16T17:47:11.813Z] > command requires scopes: ["email","openid","https://www.googleapis.com/auth/cloudplatformprojects.readonly","https://www.googleapis.com/auth/firebase","https://www.googleapis.com/auth/cloud-platform"]
[debug] [2022-07-16T17:47:11.813Z] > authorizing via signed-in user (inamit323@gmail.com)
[info] i  emulators: Starting emulators: auth, functions, firestore {"metadata":{"emulator":{"name":"hub"},"message":"Starting emulators: auth, functions, firestore"}}
[warn] ⚠  emulators: It seems that you are running multiple instances of the emulator suite for project amiad-porat-staging. This may result in unexpected behavior. 
[debug] [2022-07-16T17:47:11.836Z] [hub] writing locator at /var/folders/tq/vxw_7_1x5636vdztqgrfx6bc0000gn/T/hub-amiad-porat-staging.json
[info] i  emulators: Shutting down emulators. {"metadata":{"emulator":{"name":"hub"},"message":"Shutting down emulators."}}
[info] i  hub: Stopping emulator hub {"metadata":{"emulator":{"name":"hub"},"message":"Stopping emulator hub"}}
[debug] [2022-07-16T17:47:12.372Z] Error: ENOENT: no such file or directory, lstat '/Users/amitinbar/Documents/amiad-porat-admin-new-react/firebase-emulators-data'
    at Object.lstatSync (node:fs:1530:3)
    at findExportMetadata (/usr/local/lib/node_modules/firebase-tools/lib/emulator/controller.js:159:32)
    at Object.startAll (/usr/local/lib/node_modules/firebase-tools/lib/emulator/controller.js:234:31)
    at processTicksAndRejections (node:internal/process/task_queues:96:5)
    at async Command.actionFn (/usr/local/lib/node_modules/firebase-tools/lib/commands/emulators-start.js:26:9)
[error] 
[error] Error: An unexpected error has occurred.
